epoch,kl_mse_loss,loss,mmd_loss,val_kl_mse_loss,val_loss,val_mmd_loss
0,85902277.0,85902717.0,439.44173431396484,75034296.0,75034296.0,0.0
1,85577914.0,85578228.0,313.7047691345215,75212588.0,75212588.0,0.0
2,85194527.0,85194951.0,424.01617431640625,75003528.0,75003528.0,0.0
3,84771622.0,84772014.0,392.2401428222656,74755612.0,74755612.0,0.0
4,84258246.0,84258527.0,281.4532928466797,74605608.0,74605608.0,0.0
5,83711506.0,83711823.0,317.8267059326172,73837600.0,73837600.0,0.0
6,83149873.0,83150315.0,442.1262664794922,73794800.0,73794800.0,0.0
7,82517573.0,82517964.0,391.0,73651296.0,73651296.0,0.0
8,81818172.0,81818613.0,441.0431213378906,72564772.0,72564772.0,0.0
9,81095987.0,81096427.0,439.45849990844727,71877336.0,71877336.0,0.0
10,80312498.0,80312904.0,406.9754753112793,72423312.0,72423312.0,0.0
11,79558568.0,79558915.0,346.83300018310547,71290660.0,71290660.0,0.0
12,78553200.0,78553595.0,395.7727165222168,71649612.0,71649612.0,0.0
13,77778634.0,77779024.0,390.51801681518555,70583600.0,70583600.0,0.0
14,76850620.0,76851031.0,411.0075378417969,69735912.0,69735912.0,0.0
15,75852129.0,75852519.0,390.8828010559082,70495568.0,70495568.0,0.0
16,74832336.0,74832777.0,441.0256004333496,68195304.0,68195304.0,0.0
17,73779782.0,73780221.0,439.11708068847656,68680292.0,68680292.0,0.0
18,72748208.0,72748643.0,434.988525390625,68033868.0,68033868.0,0.0
19,71768648.0,71769120.0,472.04295349121094,67213604.0,67213604.0,0.0
20,71021698.0,71022061.0,363.32617950439453,67603144.0,67603144.0,0.0
21,69768586.0,69768961.0,376.1332359313965,66425482.0,66425482.0,0.0
22,68838787.0,68839257.0,468.95567321777344,66188800.0,66188800.0,0.0
23,67847339.5,67847655.5,315.6242332458496,66341756.0,66341756.0,0.0
24,66751949.5,66752422.5,472.5515441894531,66044496.0,66044496.0,0.0
25,65930995.0,65931339.0,344.26528549194336,65037536.0,65037536.0,0.0
26,64787959.0,64788400.0,440.2278480529785,64916616.0,64916616.0,0.0
27,64279175.0,64279643.5,468.13903427124023,62513506.0,62513506.0,0.0
28,63136490.5,63136911.5,421.14676666259766,63878806.0,63878806.0,0.0
29,62612330.5,62612722.0,391.4494323730469,62969704.0,62969704.0,0.0
30,61375086.0,61375524.5,438.4820556640625,63927686.0,63927686.0,0.0
31,60134290.0,60134701.0,410.6547088623047,62826684.0,62826684.0,0.0
32,59065783.5,59066173.0,389.1095161437988,62937214.0,62937214.0,0.0
33,58185848.5,58186163.0,315.0721244812012,63284778.0,63284778.0,0.0
34,57641616.0,57642083.0,466.2598114013672,62120692.0,62120692.0,0.0
35,56237531.0,56237906.0,374.7511901855469,62632186.0,62632186.0,0.0
36,56057493.0,56057884.0,391.0196113586426,61608138.0,61608138.0,0.0
37,54839644.5,54839956.5,311.55130767822266,61803024.0,61803024.0,0.0
38,54063045.0,54063487.0,442.3192710876465,60987026.0,60987026.0,0.0
39,52956888.5,52957276.0,387.7784423828125,62100964.0,62100964.0,0.0
40,52473497.5,52473966.0,469.33191299438477,61846496.0,61846496.0,0.0
41,51440567.0,51440959.0,391.9013442993164,61811690.0,61811690.0,0.0
42,50753673.5,50754111.5,437.2350158691406,61348674.0,61348674.0,0.0
43,49770293.0,49770652.5,359.14073944091797,59274530.0,59274530.0,0.0
44,49443084.0,49443254.5,170.52605056762695,60175082.0,60175082.0,0.0
45,48130348.5,48130741.0,392.38713455200195,59904512.0,59904512.0,0.0
46,47447224.5,47447659.0,434.6819877624512,58875282.0,58875282.0,0.0
47,47061984.0,47062373.0,389.3821601867676,60495248.0,60495248.0,0.0
48,46351374.5,46351846.5,471.4807014465332,58888210.0,58888210.0,0.0
49,45349327.5,45349757.0,429.04094314575195,58311036.0,58311036.0,0.0
50,44544802.5,44545195.5,392.39702224731445,58002366.0,58002366.0,0.0
51,44157353.0,44157741.5,388.46157455444336,57714374.0,57714374.0,0.0
52,42218379.5,42218845.0,465.314151763916,57842240.0,57842240.0,0.0
53,42169783.5,42170209.5,425.5070991516113,57089220.0,57089220.0,0.0
54,41504666.5,41505138.5,471.69250106811523,56485592.0,56485592.0,0.0
55,41086486.5,41086918.0,430.83870697021484,55630422.0,55630422.0,0.0
56,39931907.5,39932248.0,340.49503326416016,55767788.0,55767788.0,0.0
57,39002146.0,39002536.5,390.3255081176758,56542968.0,56542968.0,0.0
58,38961951.0,38962387.0,435.3094062805176,55650902.0,55650902.0,0.0
59,38173866.5,38174306.5,440.16064071655273,55189634.0,55189634.0,0.0
60,37530905.0,37531292.5,388.15636825561523,54965860.0,54965860.0,0.0
61,36261257.5,36261695.5,437.7124938964844,54812806.0,54812806.0,0.0
62,36532477.5,36532862.5,385.248722076416,54874992.0,54874992.0,0.0
63,35321419.0,35321859.5,440.7993927001953,54272348.0,54272348.0,0.0
64,34539944.0,34540252.25,308.44965744018555,53347106.0,53347106.0,0.0
65,34359044.25,34359435.25,390.9713325500488,52867868.0,52867868.0,0.0
66,33586138.25,33586577.75,439.6093292236328,53537694.0,53537694.0,0.0
67,33356688.75,33357028.5,339.58462142944336,53034912.0,53034912.0,0.0
68,31337458.0,31337932.5,474.80860137939453,50271838.0,50271838.0,0.0
69,31228329.25,31228596.5,267.3829002380371,52216978.0,52216978.0,0.0
70,30569934.0,30570362.0,427.965633392334,51736082.0,51736082.0,0.0
71,30877072.75,30877508.5,435.21401596069336,50800962.0,50800962.0,0.0
72,30282505.0,30282935.75,431.22455978393555,50077338.0,50077338.0,0.0
73,30151013.25,30151406.0,392.8289985656738,49048510.0,49048510.0,0.0
74,28367693.75,28367991.0,297.19763565063477,50740998.0,50740998.0,0.0
75,28746952.5,28747417.75,465.31745529174805,50465976.0,50465976.0,0.0
76,27849972.75,27850264.0,291.15259170532227,49908162.0,49908162.0,0.0
77,26981838.75,26982215.75,377.05066680908203,49928942.0,49928942.0,0.0
78,26881639.0,26881952.25,313.20123291015625,48392530.0,48392530.0,0.0
79,26217178.75,26217566.25,387.3354072570801,46868842.0,46868842.0,0.0
80,25771129.0,25771514.0,384.8997611999512,48099636.0,48099636.0,0.0
81,25875741.5,25876205.25,463.62429428100586,48025118.0,48025118.0,0.0
82,24851874.25,24852169.0,294.6240425109863,47865956.0,47865956.0,0.0
83,23657894.25,23658326.25,431.9645538330078,47143498.0,47143498.0,0.0
84,22634956.0,22635344.5,388.634708404541,46286480.0,46286480.0,0.0
85,23153776.75,23154236.25,459.4255714416504,45691214.0,45691214.0,0.0
86,22719961.25,22720269.75,308.82249450683594,46984510.0,46984510.0,0.0
87,21996978.25,21997368.0,389.43347930908203,46722130.0,46722130.0,0.0
88,22088963.75,22089301.5,337.8782844543457,45410748.0,45410748.0,0.0
89,20421225.0,20421701.25,476.0331687927246,45237908.0,45237908.0,0.0
90,20909918.5,20910300.5,382.2838821411133,43752328.0,43752328.0,0.0
91,20139149.25,20139618.75,469.65676498413086,45115586.0,45115586.0,0.0
92,20200710.75,20201059.5,349.03024673461914,43325130.0,43325130.0,0.0
93,18498990.75,18499376.875,386.0680122375488,43626570.0,43626570.0,0.0
94,18984448.375,18984848.375,400.2949447631836,42557140.0,42557140.0,0.0
95,19016046.0,19016513.5,467.3205871582031,42218012.0,42218012.0,0.0
96,18171421.875,18171851.75,429.95986557006836,41957382.0,41957382.0,0.0
97,17986025.125,17986381.75,357.09659576416016,41859458.0,41859458.0,0.0
98,18613596.25,18613995.375,399.05329513549805,41418566.0,41418566.0,0.0
99,18747322.375,18747629.75,307.08253479003906,40540982.0,40540982.0,0.0
100,17060279.625,17060713.375,433.7111701965332,40763782.0,40763782.0,0.0
101,16342206.375,16342608.25,401.82849884033203,40990864.0,40990864.0,0.0
102,16525122.25,16525438.125,315.8897285461426,40117134.0,40117134.0,0.0
103,16501936.75,16502398.5,461.8503837585449,39530884.0,39530884.0,0.0
104,15624832.875,15625228.75,395.8624839782715,39128770.0,39128770.0,0.0
105,15650937.25,15651325.625,388.4322967529297,38722554.0,38722554.0,0.0
106,14648031.625,14648433.75,402.23852920532227,37698498.0,37698498.0,0.0
107,15479092.25,15479473.0,380.7832374572754,38444000.0,38444000.0,0.0
108,14427667.25,14428055.875,388.7491912841797,38719204.0,38719204.0,0.0
109,15210658.5,15211047.375,389.2540969848633,37451322.0,37451322.0,0.0
110,13370831.75,13371122.625,290.6884231567383,38175454.0,38175454.0,0.0
111,13929078.375,13929442.125,363.7612533569336,36645280.0,36645280.0,0.0
112,13090647.375,13091155.125,507.8808403015137,36621394.0,36621394.0,0.0
113,13473301.375,13473804.75,503.54033279418945,36253502.0,36253502.0,0.0
114,11745014.25,11745482.0,467.70751571655273,35708196.0,35708196.0,0.0
115,12585032.625,12585507.875,475.4656105041504,35315346.0,35315346.0,0.0
116,11978754.5,11979140.875,386.2158737182617,34391242.0,34391242.0,0.0
117,12764627.625,12764940.125,312.58506774902344,34473640.0,34473640.0,0.0
118,12019948.5,12020340.875,392.4066352844238,34348628.0,34348628.0,0.0
119,11772730.375,11773159.125,428.6660041809082,33688466.0,33688466.0,0.0
120,10338906.375,10339364.125,457.7618408203125,32887201.0,32887201.0,0.0
121,10349239.125,10349678.6875,439.4147491455078,32512244.0,32512244.0,0.0
122,10114500.0,10114967.375,467.4038429260254,32231742.0,32231742.0,0.0
123,10449170.125,10449553.75,383.605167388916,32062847.0,32062847.0,0.0
124,9846603.125,9847019.875,416.91770935058594,31633223.0,31633223.0,0.0
125,9514254.25,9514677.4375,423.26198959350586,31828955.0,31828955.0,0.0
126,9306063.125,9306445.875,382.73222732543945,30879675.0,30879675.0,0.0
127,9788824.6875,9789284.5625,459.80764389038086,31060230.0,31060230.0,0.0
128,10120138.625,10120575.375,436.6630401611328,30456071.0,30456071.0,0.0
129,9518310.1875,9518719.5625,409.4119682312012,30592306.0,30592306.0,0.0
130,9536990.5625,9537426.625,436.02142333984375,29686426.0,29686426.0,0.0
131,9215686.5,9215983.375,296.7989692687988,29461116.0,29461116.0,0.0
132,9043707.0,9044070.0,363.1075019836426,29258870.0,29258870.0,0.0
133,7516054.625,7516482.125,427.48149490356445,29112434.0,29112434.0,0.0
134,8795966.125,8796367.0625,400.9308853149414,29435145.0,29435145.0,0.0
135,6876066.125,6876485.3125,419.1946563720703,28604740.0,28604740.0,0.0
136,8962498.25,8962933.5,435.3283271789551,28198183.0,28198183.0,0.0
137,7655528.375,7655915.3125,386.9053421020508,28299748.0,28299748.0,0.0
138,9399091.375,9399516.1875,424.8479995727539,27798283.0,27798283.0,0.0
139,7699997.375,7700387.0625,389.6912307739258,27803706.0,27803706.0,0.0
140,7292180.5,7292471.125,290.5963249206543,27041749.0,27041749.0,0.0
141,7255757.1875,7256096.4375,339.27507400512695,27316243.0,27316243.0,0.0
142,7469415.9375,7469756.9375,340.8975143432617,26630250.0,26630250.0,0.0
143,6814605.125,6814914.4375,309.3279838562012,27226635.0,27226635.0,0.0
144,7944295.0,7944681.25,386.30218505859375,26226820.0,26226820.0,0.0
145,6773839.75,6774238.6875,398.98143768310547,25958642.0,25958642.0,0.0
146,5424323.75,5424790.75,467.0294075012207,25802397.0,25802397.0,0.0
147,5909275.9375,5909631.375,355.42771911621094,25390572.0,25390572.0,0.0
148,5837322.8125,5837668.0,345.22188568115234,24865389.0,24865389.0,0.0
149,6330980.1875,6331379.3125,399.15188217163086,24841701.0,24841701.0,0.0
150,5918354.875,5918769.1875,414.29876708984375,24860776.0,24860776.0,0.0
151,5887849.65625,5888189.53125,339.87434005737305,24645402.0,24645402.0,0.0
152,6226259.375,6226601.0625,341.6507034301758,23831472.0,23831472.0,0.0
153,6323890.0,6324270.1875,380.19542694091797,23348219.0,23348219.0,0.0
154,5321717.8125,5322106.1875,388.44478607177734,23654394.0,23654394.0,0.0
155,5602603.25,5603071.4375,468.1710968017578,23207665.0,23207665.0,0.0
156,5806725.0625,5807092.375,367.24597549438477,23255540.0,23255540.0,0.0
157,6132105.625,6132533.84375,428.26924896240234,22879732.0,22879732.0,0.0
158,5275351.6875,5275792.96875,441.3503227233887,23175076.0,23175076.0,0.0
159,6017924.9375,6018353.6875,428.68884658813477,22428184.0,22428184.0,0.0
160,5124477.3125,5124860.90625,383.51025390625,22587901.0,22587901.0,0.0
161,4119363.84375,4119744.125,380.2481002807617,22229208.0,22229208.0,0.0
162,4642812.34375,4643144.3125,331.9681091308594,22327586.0,22327586.0,0.0
163,4630215.84375,4630634.03125,418.20792388916016,21880096.0,21880096.0,0.0
164,5032438.4375,5032823.5625,385.15002059936523,21933019.0,21933019.0,0.0
165,5446326.0,5446796.65625,470.56785583496094,21725653.0,21725653.0,0.0
166,5450411.4375,5450706.53125,295.1060104370117,21343744.0,21343744.0,0.0
167,3965761.40625,3966223.09375,461.7119598388672,21721442.0,21721442.0,0.0
168,4555943.71875,4556367.34375,423.59507751464844,21150025.0,21150025.0,0.0
169,5820767.5625,5821061.84375,294.25914764404297,21391656.0,21391656.0,0.0
170,4086166.1875,4086650.875,484.62204360961914,21597597.0,21597597.0,0.0
171,3652245.40625,3652713.9375,468.47222900390625,20700726.0,20700726.0,0.0
172,4580580.5,4580996.0,415.46339416503906,20796037.0,20796037.0,0.0
173,4104740.65625,4105194.75,454.0318412780762,20840852.0,20840852.0,0.0
174,3271069.71875,3271503.6875,434.01229095458984,20240555.0,20240555.0,0.0
175,4146070.34375,4146349.6875,279.34070587158203,20336765.0,20336765.0,0.0
176,4259649.71875,4260112.375,462.6784973144531,19858135.0,19858135.0,0.0
177,4097335.78125,4097717.3125,381.5778465270996,19701088.0,19701088.0,0.0
178,3462442.0,3462872.0625,430.0099983215332,19379675.0,19379675.0,0.0
179,4516606.34375,4517037.375,431.05158615112305,19633087.0,19633087.0,0.0
180,5290992.0,5291449.40625,457.4355049133301,19614276.0,19614276.0,0.0
181,4510281.21875,4510720.78125,439.5566062927246,19597424.0,19597424.0,0.0
182,3548659.6875,3549006.28125,346.5842475891113,20154085.0,20154085.0,0.0
183,3504330.0,3504670.03125,340.00835037231445,19628408.0,19628408.0,0.0
184,3779177.875,3779552.625,374.72341537475586,19089500.0,19089500.0,0.0
185,3998138.1875,3998478.96875,340.8135795593262,19165224.0,19165224.0,0.0
186,4141214.90625,4141649.21875,434.3156623840332,19563567.0,19563567.0,0.0
187,3319981.125,3320440.40625,459.2728080749512,19127043.0,19127043.0,0.0
188,3804062.125,3804408.015625,345.93642807006836,18910395.0,18910395.0,0.0
189,4781519.78125,4781955.5625,435.705379486084,19317957.0,19317957.0,0.0
190,3950217.265625,3950633.171875,415.85693740844727,19047152.0,19047152.0,0.0
191,3640927.21875,3641341.640625,414.46807861328125,18623968.0,18623968.0,0.0
192,5116448.375,5116805.78125,357.41433334350586,18375618.0,18375618.0,0.0
193,3940420.625,3940855.15625,434.5140151977539,18548572.0,18548572.0,0.0
194,4691631.03125,4692023.53125,392.47146224975586,18673279.0,18673279.0,0.0
195,3111154.90625,3111618.0,463.10687255859375,18154906.0,18154906.0,0.0
196,3213472.625,3213816.71875,344.1047706604004,18412685.0,18412685.0,0.0
197,3026285.0,3026621.15625,336.13172912597656,18281357.0,18281357.0,0.0
198,3960255.28125,3960725.03125,469.7589683532715,18451293.0,18451293.0,0.0
199,2742700.625,2743055.125,354.44779205322266,18658328.0,18658328.0,0.0
200,3199018.203125,3199422.328125,404.1439895629883,18521383.0,18521383.0,0.0
201,3631939.84375,3632317.0,377.171573638916,18448581.0,18448581.0,0.0
202,4745185.8125,4745567.125,381.31996154785156,18297768.0,18297768.0,0.0
203,2563314.9375,2563618.328125,303.4010887145996,18362151.0,18362151.0,0.0
204,3263264.125,3263607.3125,343.23785400390625,18146506.0,18146506.0,0.0
205,3290127.59375,3290493.921875,366.3212471008301,18160344.0,18160344.0,0.0
206,3924719.3125,3925141.265625,421.92147064208984,18362210.0,18362210.0,0.0
207,3352546.921875,3353042.65625,495.7309265136719,18005297.0,18005297.0,0.0
208,3812813.75,3813205.140625,391.4094696044922,18109052.0,18109052.0,0.0
209,4855822.890625,4856136.125,313.22640228271484,18311577.0,18311577.0,0.0
210,3086711.21875,3087094.6875,383.44755935668945,18164912.0,18164912.0,0.0
211,3051810.59375,3052192.171875,381.6071891784668,18014707.0,18014707.0,0.0
212,2835451.1875,2835830.65625,379.46811294555664,17757798.0,17757798.0,0.0
213,2524215.96875,2524599.234375,383.25254821777344,17595402.0,17595402.0,0.0
214,3339725.15625,3340122.59375,397.4481773376465,18131600.0,18131600.0,0.0
215,2715946.5,2716370.765625,424.28356170654297,17907778.0,17907778.0,0.0
216,3449319.703125,3449753.703125,434.0096664428711,17799377.0,17799377.0,0.0
217,4127721.09375,4128075.9375,354.8379440307617,17647901.0,17647901.0,0.0
218,2677557.875,2677966.34375,408.452823638916,17685270.0,17685270.0,0.0
219,3397192.6875,3397547.78125,355.082088470459,17675035.0,17675035.0,0.0
220,4095521.53125,4095921.0,399.4702949523926,17604368.0,17604368.0,0.0
221,3529636.15625,3529822.546875,186.37660217285156,17590761.0,17590761.0,0.0
222,3522690.75,3523070.78125,380.00732421875,17525274.0,17525274.0,0.0
223,3221103.921875,3221530.890625,427.0040397644043,17581898.0,17581898.0,0.0
224,4414614.734375,4414998.75,384.10313415527344,17492661.0,17492661.0,0.0
225,3232443.953125,3232849.078125,405.1446304321289,17498677.0,17498677.0,0.0
226,3977474.1875,3977907.71875,433.5966987609863,17402818.0,17402818.0,0.0
227,3930696.0625,3931083.515625,387.4988899230957,17388050.0,17388050.0,0.0
228,3056467.140625,3056857.0,389.88514709472656,17395632.0,17395632.0,0.0
229,2835917.34375,2836273.03125,355.6958923339844,17485003.0,17485003.0,0.0
230,2701725.984375,2702151.328125,425.3528518676758,17703247.0,17703247.0,0.0
231,2798794.640625,2799101.71875,307.08391189575195,17372476.0,17372476.0,0.0
232,2809575.328125,2809921.0625,345.7051429748535,17348875.0,17348875.0,0.0
233,2343603.546875,2344004.71875,401.1993598937988,17336719.0,17336719.0,0.0
234,2716686.0625,2717068.171875,382.1200256347656,17349504.0,17349504.0,0.0
235,4451401.953125,4451796.890625,394.9775199890137,17395774.0,17395774.0,0.0
236,2569723.4375,2570175.484375,452.07624435424805,17639956.0,17639956.0,0.0
237,3653594.0,3653902.015625,307.9583206176758,17327140.0,17327140.0,0.0
238,3110348.890625,3110738.71875,389.83182525634766,17145062.0,17145062.0,0.0
239,2776368.03125,2776796.375,428.375244140625,17047354.0,17047354.0,0.0
240,4232105.96875,4232498.265625,392.28401947021484,16996119.0,16996119.0,0.0
241,2718524.671875,2718942.03125,417.37559509277344,17019362.0,17019362.0,0.0
242,2667696.3125,2668003.796875,307.5180130004883,17277036.0,17277036.0,0.0
243,3308064.59375,3308483.078125,418.50634002685547,16984922.0,16984922.0,0.0
244,3386316.90625,3386653.5625,336.6910057067871,17059000.0,17059000.0,0.0
245,3901882.796875,3902281.125,398.3138771057129,17355297.0,17355297.0,0.0
246,3130420.671875,3130850.96875,430.3415718078613,17096062.0,17096062.0,0.0
247,3362548.84375,3362931.484375,382.6410255432129,17045205.0,17045205.0,0.0
248,4046980.484375,4047359.5,378.9646110534668,16831744.5,16831744.5,0.0
249,2677413.21875,2677752.09375,338.8751792907715,16940129.0,16940129.0,0.0
250,3164911.0,3165323.4375,412.43877029418945,16876126.0,16876126.0,0.0
251,4162842.90625,4163278.625,435.76009368896484,17014590.0,17014590.0,0.0
252,2568584.421875,2569008.015625,423.64404678344727,16870532.0,16870532.0,0.0
253,3005274.0625,3005706.484375,432.36970138549805,16942579.0,16942579.0,0.0
254,2245745.34375,2246171.21875,425.85952377319336,16915040.0,16915040.0,0.0
255,3310610.1875,3311048.40625,438.2104835510254,16913985.5,16913985.5,0.0
256,3379349.15625,3379761.125,411.98008728027344,16922505.0,16922505.0,0.0
257,3305035.453125,3305422.671875,387.2234001159668,16729485.0,16729485.0,0.0
258,3598042.328125,3598461.6875,419.343807220459,16702158.0,16702158.0,0.0
259,3135674.640625,3136065.90625,391.2346496582031,16796186.0,16796186.0,0.0
260,2662776.78125,2663240.625,463.8938331604004,16838197.0,16838197.0,0.0
261,2618338.734375,2618673.421875,334.6830177307129,16810743.0,16810743.0,0.0
262,2608837.859375,2609223.390625,385.5284080505371,16623339.0,16623339.0,0.0
263,3593347.609375,3593649.796875,302.1858024597168,16503090.5,16503090.5,0.0
264,3901675.28125,3902071.0,395.7307243347168,16574243.5,16574243.5,0.0
265,2253310.15625,2253749.03125,438.90921783447266,16695315.5,16695315.5,0.0
266,2482692.609375,2483007.765625,315.1587142944336,16708501.0,16708501.0,0.0
267,2188772.609375,2189117.359375,344.74256896972656,16465962.0,16465962.0,0.0
268,2847856.5,2848293.21875,436.67578506469727,16554401.5,16554401.5,0.0
269,3430018.3125,3430420.296875,401.98299407958984,16531377.5,16531377.5,0.0
270,2883138.890625,2883528.375,389.5057716369629,16624389.0,16624389.0,0.0
271,4898486.375,4898898.375,411.9996757507324,16563326.0,16563326.0,0.0
272,2397720.71875,2398097.4375,376.6987495422363,16582279.0,16582279.0,0.0
273,3263942.078125,3264371.9375,429.8405532836914,16547107.0,16547107.0,0.0
274,2501066.21875,2501445.3125,379.1069450378418,16688932.5,16688932.5,0.0
275,3186628.65625,3187008.84375,380.1697883605957,16506378.0,16506378.0,0.0
276,2383632.421875,2384054.234375,421.79444885253906,16685108.5,16685108.5,0.0
277,2511868.359375,2512200.953125,332.5800552368164,16693181.5,16693181.5,0.0
278,2383853.21875,2384331.203125,478.0095748901367,16674386.0,16674386.0,0.0
279,4034826.15625,4035133.015625,306.73970794677734,16532215.5,16532215.5,0.0
280,2874330.25,2874792.546875,462.33142852783203,16461486.0,16461486.0,0.0
281,3282935.28125,3283405.28125,469.99488830566406,16522291.0,16522291.0,0.0
282,2520807.109375,2521275.15625,468.03896713256836,16596821.0,16596821.0,0.0
283,2625166.765625,2625503.90625,337.146427154541,16534180.5,16534180.5,0.0
284,2659449.859375,2659854.515625,404.6552543640137,16603299.0,16603299.0,0.0
285,3406477.0,3406920.40625,443.4994888305664,16623746.0,16623746.0,0.0
286,2367298.796875,2367731.15625,432.3801155090332,16494767.0,16494767.0,0.0
287,3066446.03125,3066822.71875,376.6910629272461,16468737.5,16468737.5,0.0
288,3661854.3125,3662206.21875,351.8759574890137,16437204.0,16437204.0,0.0
289,2683877.5,2684142.9375,265.39830780029297,16428576.5,16428576.5,0.0
290,2445045.25,2445457.09375,411.82109451293945,16556989.0,16556989.0,0.0
291,3643684.1875,3644078.703125,394.4836959838867,16597668.5,16597668.5,0.0
292,2216477.203125,2216941.4375,464.2651138305664,16534958.0,16534958.0,0.0
293,4631033.859375,4631505.953125,472.10025787353516,16502300.0,16502300.0,0.0
294,4020175.25,4020564.6875,389.4826545715332,16610394.5,16610394.5,0.0
295,2290965.359375,2291382.109375,416.7482452392578,16546570.0,16546570.0,0.0
296,2967900.734375,2968293.171875,392.41799545288086,16721540.0,16721540.0,0.0
297,2694826.515625,2695257.796875,431.30274200439453,16459777.0,16459777.0,0.0
298,4717869.859375,4718290.9375,421.1717109680176,16415439.0,16415439.0,0.0
299,2724455.109375,2724835.84375,380.73161697387695,16526653.5,16526653.5,0.0
300,2470052.671875,2470518.765625,466.07342529296875,16573620.0,16573620.0,0.0
301,3492177.71875,3492564.84375,387.14075469970703,16498020.5,16498020.5,0.0
302,3626570.875,3626918.828125,347.9640579223633,16506983.0,16506983.0,0.0
303,2664637.4375,2665046.75,409.3521919250488,16509000.0,16509000.0,0.0
304,2478238.671875,2478619.875,381.1864585876465,16350911.5,16350911.5,0.0
305,3341642.875,3342011.140625,368.25792694091797,16461379.0,16461379.0,0.0
306,3274149.71875,3274492.28125,342.5311584472656,16536605.5,16536605.5,0.0
307,2384901.90625,2385324.28125,422.36222076416016,16621036.0,16621036.0,0.0
308,2551640.328125,2552103.78125,463.451114654541,16531132.0,16531132.0,0.0
309,3523385.859375,3523703.90625,318.1069107055664,16490122.0,16490122.0,0.0
310,3177677.25,3178010.90625,333.6445732116699,16460693.0,16460693.0,0.0
311,3426776.640625,3427247.015625,470.33309173583984,16419714.0,16419714.0,0.0
312,2403685.21875,2404089.578125,404.3909454345703,16581040.5,16581040.5,0.0
313,3340326.71875,3340760.703125,433.99641036987305,16494823.5,16494823.5,0.0
314,2488533.953125,2488893.15625,359.1532783508301,16499585.0,16499585.0,0.0
315,2962880.890625,2963320.25,439.3722801208496,16396651.5,16396651.5,0.0
316,3420453.265625,3420790.359375,337.10901260375977,16430407.0,16430407.0,0.0
317,3198302.078125,3198728.15625,426.1098518371582,16382081.5,16382081.5,0.0
318,3458757.875,3459258.5,500.6527900695801,16459119.5,16459119.5,0.0
319,3233616.171875,3234078.890625,462.7429962158203,16360857.0,16360857.0,0.0
320,3377506.71875,3377846.53125,339.84301376342773,16505284.5,16505284.5,0.0
321,2525701.15625,2526134.90625,433.76250076293945,16514463.5,16514463.5,0.0
322,2535226.6875,2535622.09375,395.37726974487305,16418202.0,16418202.0,0.0
323,2414843.90625,2415175.84375,331.9451446533203,16378316.5,16378316.5,0.0
324,2615923.875,2616302.78125,378.90559005737305,16387115.0,16387115.0,0.0
325,2590622.46875,2591046.921875,424.4128112792969,16424875.0,16424875.0,0.0
326,3789738.234375,3790135.09375,396.8763771057129,16579658.5,16579658.5,0.0
327,2434612.703125,2434917.140625,304.471736907959,16473527.5,16473527.5,0.0
328,2891512.453125,2891893.859375,381.4209671020508,16369961.0,16369961.0,0.0
329,4444878.96875,4445280.46875,401.53873443603516,16420924.0,16420924.0,0.0
330,2754345.4375,2754779.453125,433.980281829834,16471350.0,16471350.0,0.0
331,2653224.90625,2653617.46875,392.5825309753418,16431518.0,16431518.0,0.0
332,3679445.9375,3679654.796875,208.85086822509766,16310453.5,16310453.5,0.0
333,2308762.9375,2309153.921875,390.9835014343262,16340000.5,16340000.5,0.0
334,2502172.34375,2502557.328125,384.96350860595703,16294946.5,16294946.5,0.0
335,3952933.921875,3953332.984375,399.0853462219238,16287941.5,16287941.5,0.0
336,2796534.5,2796889.125,354.6201171875,16461315.0,16461315.0,0.0
337,2188619.75,2188890.859375,271.10727310180664,16446630.5,16446630.5,0.0
338,4013052.4375,4013447.28125,394.88934326171875,16471869.0,16471869.0,0.0
339,2068539.09375,2069004.703125,465.59877014160156,16392167.5,16392167.5,0.0
340,4025791.015625,4026130.359375,339.32717514038086,16427679.5,16427679.5,0.0
341,2504040.8125,2504439.5625,398.7880973815918,16399273.0,16399273.0,0.0
342,3286056.5,3286486.484375,429.99218368530273,16402672.0,16402672.0,0.0
343,2860140.015625,2860535.28125,395.28785705566406,16360484.5,16360484.5,0.0
344,3715271.328125,3715695.984375,424.67179107666016,16395406.0,16395406.0,0.0
345,2584229.65625,2584610.53125,380.8442268371582,16298480.0,16298480.0,0.0
346,3510236.1875,3510665.46875,429.3068542480469,16447251.0,16447251.0,0.0
347,2599646.40625,2600079.890625,433.43560791015625,16658929.0,16658929.0,0.0
348,3068231.03125,3068486.40625,255.43191528320312,16433307.5,16433307.5,0.0
349,2454776.375,2455243.296875,466.9173698425293,16414149.0,16414149.0,0.0
350,2631826.21875,2632217.75,391.53831481933594,16465081.5,16465081.5,0.0
351,2915218.1875,2915652.0,433.7776412963867,16465417.5,16465417.5,0.0
352,2704032.453125,2704421.15625,388.65428161621094,16459663.0,16459663.0,0.0
353,3152363.21875,3152750.984375,387.752685546875,16579626.0,16579626.0,0.0
354,3303361.875,3303575.703125,213.83204650878906,16584175.0,16584175.0,0.0
355,3281716.140625,3281926.59375,210.5214614868164,16554036.5,16554036.5,0.0
356,2348844.0,2349251.9375,407.9314651489258,16521822.0,16521822.0,0.0
357,2214581.5625,2215019.828125,438.2585563659668,16624985.5,16624985.5,0.0
358,3716900.421875,3717309.640625,409.1775016784668,16567251.0,16567251.0,0.0
359,2520131.5625,2520507.296875,375.6844367980957,16702799.5,16702799.5,0.0
360,3072535.265625,3072855.8125,320.56979751586914,16651200.0,16651200.0,0.0
361,3119656.984375,3120043.8125,386.8535804748535,16632215.5,16632215.5,0.0
362,3424248.3125,3424633.921875,385.5270576477051,16502603.0,16502603.0,0.0
363,3301412.46875,3301700.65625,288.1989288330078,16549774.5,16549774.5,0.0
364,3010282.953125,3010550.0625,267.15816497802734,16465419.5,16465419.5,0.0
365,3445730.65625,3446163.90625,433.2414321899414,16614474.0,16614474.0,0.0
366,2452705.78125,2453122.15625,416.4120864868164,16514540.5,16514540.5,0.0
367,2897303.0,2897691.21875,388.22219467163086,16565378.0,16565378.0,0.0
368,3046359.5,3046741.9375,382.4755859375,16760055.5,16760055.5,0.0
369,2544051.46875,2544472.84375,421.3981628417969,16559023.5,16559023.5,0.0
370,2147680.0625,2147944.109375,264.0600891113281,16411083.0,16411083.0,0.0
371,3967377.703125,3967813.8125,436.12278747558594,16659851.5,16659851.5,0.0
372,2831131.234375,2831573.703125,442.48619079589844,16382537.0,16382537.0,0.0
373,2526553.25,2526908.921875,355.68482208251953,16546284.0,16546284.0,0.0
374,3287308.9375,3287621.28125,312.34867095947266,16414726.5,16414726.5,0.0
375,2285967.734375,2286354.765625,387.0206756591797,16479922.5,16479922.5,0.0
376,2349151.390625,2349446.84375,295.4861030578613,16434969.0,16434969.0,0.0
377,2532606.46875,2533010.6875,404.1953773498535,16603498.5,16603498.5,0.0
378,2337614.3125,2337927.859375,313.56192779541016,16636782.0,16636782.0,0.0
379,2082360.59375,2082760.25,399.6669006347656,16459480.0,16459480.0,0.0
380,3122657.390625,3123075.109375,417.7061882019043,16606749.5,16606749.5,0.0
381,2772955.4375,2773454.6875,499.2655830383301,16598100.0,16598100.0,0.0
382,2617064.140625,2617417.46875,353.33987045288086,16671672.0,16671672.0,0.0
383,2319365.1875,2319818.859375,453.6652069091797,16572054.0,16572054.0,0.0
384,3473973.90625,3474440.734375,466.84782791137695,16564110.0,16564110.0,0.0
385,2576717.859375,2577118.71875,400.8567428588867,16614373.0,16614373.0,0.0
386,2737928.0,2738396.5625,468.50649642944336,16450432.0,16450432.0,0.0
387,3019844.5625,3020204.796875,360.28111267089844,16549283.5,16549283.5,0.0
388,2714558.1875,2714938.078125,379.91250228881836,16420308.5,16420308.5,0.0
389,2510844.171875,2511109.15625,264.9984321594238,16455223.0,16455223.0,0.0
390,3781613.3125,3781994.0625,380.68154525756836,16602469.5,16602469.5,0.0
391,3749835.0,3750182.09375,347.10144424438477,16490347.0,16490347.0,0.0
392,2207948.96875,2208335.140625,386.1760902404785,16492226.5,16492226.5,0.0
393,2727062.421875,2727470.125,407.7389373779297,16453392.5,16453392.5,0.0
394,3344902.03125,3345316.65625,414.62059783935547,16415375.0,16415375.0,0.0
395,3718799.84375,3719236.3125,436.4812698364258,16387766.5,16387766.5,0.0
396,2966580.828125,2967052.15625,471.30753326416016,16387910.0,16387910.0,0.0
397,3320664.421875,3321103.03125,438.67259216308594,16495336.0,16495336.0,0.0
398,3029162.75,3029584.59375,421.7881622314453,16398419.0,16398419.0,0.0
399,2463717.640625,2464141.3125,423.6697578430176,16275583.5,16275583.5,0.0
400,2418900.828125,2419325.53125,424.6990852355957,16352192.5,16352192.5,0.0
401,2526378.921875,2526761.9375,383.0045051574707,16426847.0,16426847.0,0.0
402,2537709.34375,2538051.421875,342.0678291320801,16320070.5,16320070.5,0.0
403,2964782.0,2965166.390625,384.40755462646484,16509682.0,16509682.0,0.0
404,2943684.03125,2944115.4375,431.4726676940918,16431955.5,16431955.5,0.0
405,2373276.90625,2373653.90625,377.0211067199707,16354649.0,16354649.0,0.0
406,3116370.53125,3116729.546875,358.9568061828613,16454823.5,16454823.5,0.0
407,2965973.359375,2966435.65625,462.3128318786621,16374734.0,16374734.0,0.0
408,4047547.34375,4047992.84375,445.5226745605469,16355145.0,16355145.0,0.0
409,2479562.046875,2480006.265625,444.2064437866211,16411446.0,16411446.0,0.0
410,3201599.140625,3201904.046875,304.92551040649414,16363705.5,16363705.5,0.0
411,2645550.375,2645855.359375,305.0138969421387,16584073.5,16584073.5,0.0
412,3764014.765625,3764394.1875,379.4080581665039,16377749.0,16377749.0,0.0
413,3365270.828125,3365708.671875,437.87804412841797,16350596.0,16350596.0,0.0
414,2219098.640625,2219472.640625,373.99981689453125,16436093.0,16436093.0,0.0
415,3349636.953125,3349856.453125,219.55155181884766,16370292.5,16370292.5,0.0
416,2991071.984375,2991497.453125,425.4662322998047,16380019.5,16380019.5,0.0
417,3182111.125,3182508.578125,397.4637870788574,16376789.0,16376789.0,0.0
418,3623062.484375,3623453.015625,390.60351943969727,16444026.5,16444026.5,0.0
419,2477333.703125,2477689.8125,356.1036567687988,16347025.0,16347025.0,0.0
420,2988644.203125,2989114.1875,469.9638328552246,16464901.5,16464901.5,0.0
421,2526320.453125,2526712.46875,392.00140380859375,16562195.0,16562195.0,0.0
422,2551370.578125,2551722.40625,351.83306884765625,16567138.5,16567138.5,0.0
423,2469415.265625,2469792.453125,377.15898513793945,16531546.0,16531546.0,0.0
424,3800356.3125,3800734.25,377.8967704772949,16461508.5,16461508.5,0.0
425,2364690.609375,2365118.265625,427.6299133300781,16395246.5,16395246.5,0.0
426,4577924.40625,4578392.6875,468.2991409301758,16447158.0,16447158.0,0.0
427,2557001.125,2557216.875,215.732421875,16426420.0,16426420.0,0.0
428,3896628.421875,3897068.09375,439.73230743408203,16558820.0,16558820.0,0.0
429,2268579.375,2269000.609375,421.2689628601074,16458100.0,16458100.0,0.0
430,2801047.8125,2801428.03125,380.19055557250977,16553138.5,16553138.5,0.0
431,3232120.921875,3232476.5,355.6026191711426,16539464.5,16539464.5,0.0
432,3022032.28125,3022480.0625,447.8019027709961,16437200.0,16437200.0,0.0
433,3836162.125,3836599.984375,437.8612289428711,16499582.5,16499582.5,0.0
434,2382536.40625,2382974.8125,438.3882598876953,16557904.5,16557904.5,0.0
435,2380855.1875,2381285.140625,429.9722328186035,16553551.5,16553551.5,0.0
436,2192977.296875,2193313.390625,336.11021423339844,16585143.0,16585143.0,0.0
437,2684280.6875,2684537.46875,256.7468032836914,16560323.0,16560323.0,0.0
438,3315980.265625,3316446.75,466.43468856811523,16569956.0,16569956.0,0.0
439,4743801.4375,4744203.96875,402.5490493774414,16576404.5,16576404.5,0.0
440,4474107.875,4474467.6875,359.7592353820801,16688836.0,16688836.0,0.0
441,3325552.515625,3325981.890625,429.3150939941406,16665446.5,16665446.5,0.0
442,2553797.109375,2554127.609375,330.5071563720703,16672516.0,16672516.0,0.0
443,2185945.046875,2186291.109375,346.04608154296875,16808513.0,16808513.0,0.0
444,2910336.734375,2910773.96875,437.2491035461426,16707829.5,16707829.5,0.0
445,3195210.890625,3195560.796875,349.8866882324219,16631516.5,16631516.5,0.0
446,2498228.453125,2498696.765625,468.3074645996094,16669207.5,16669207.5,0.0
447,2385358.234375,2385782.546875,424.3209037780762,16659309.5,16659309.5,0.0
448,3126536.3125,3126962.34375,426.0052032470703,16524438.0,16524438.0,0.0
449,3042050.296875,3042438.96875,388.6929244995117,16719696.0,16719696.0,0.0
450,4571730.984375,4572210.265625,479.3061752319336,16532376.5,16532376.5,0.0
451,3305053.640625,3305431.75,378.1162757873535,16652958.5,16652958.5,0.0
452,2535423.65625,2535875.078125,451.4508476257324,16507659.5,16507659.5,0.0
453,3391062.5,3391487.875,425.3620414733887,16514279.0,16514279.0,0.0
454,2461762.65625,2462137.5,374.8338394165039,16548021.0,16548021.0,0.0
455,2253101.0,2253562.375,461.36827087402344,16449580.0,16449580.0,0.0
456,2144137.15625,2144486.515625,349.3335647583008,16457761.0,16457761.0,0.0
457,2647820.6875,2648281.59375,460.9151039123535,16478323.5,16478323.5,0.0
458,3026112.609375,3026553.609375,441.0043067932129,16378793.0,16378793.0,0.0
459,2991071.765625,2991423.8125,352.0445022583008,16535312.5,16535312.5,0.0
460,2479846.71875,2480259.890625,413.1900215148926,16395020.5,16395020.5,0.0
461,3436876.34375,3437261.625,385.32103729248047,16458540.5,16458540.5,0.0
462,2176870.1875,2177255.6875,385.5059051513672,16487024.0,16487024.0,0.0
463,2340138.390625,2340478.78125,340.4029312133789,16513494.5,16513494.5,0.0
464,2394427.625,2394779.203125,351.5962104797363,16446499.0,16446499.0,0.0
465,2234797.078125,2235208.015625,410.9661674499512,16459446.5,16459446.5,0.0
466,3064308.3125,3064731.75,423.4159812927246,16446762.5,16446762.5,0.0
467,2307986.078125,2308347.375,361.280517578125,16395169.5,16395169.5,0.0
468,3674891.03125,3675255.078125,364.05004119873047,16454236.0,16454236.0,0.0
469,3004524.984375,3004926.140625,401.17537689208984,16392801.0,16392801.0,0.0
470,3356562.421875,3356837.34375,274.96410751342773,16396087.5,16396087.5,0.0
471,3295781.453125,3296182.03125,400.5492820739746,16497847.0,16497847.0,0.0
472,4799514.65625,4799867.875,353.22154235839844,16450638.0,16450638.0,0.0
473,4121747.046875,4122181.78125,434.75928497314453,16518866.5,16518866.5,0.0
474,2542935.140625,2543352.578125,417.42647552490234,16472821.0,16472821.0,0.0
475,2485714.25,2486141.390625,427.1077766418457,16461715.5,16461715.5,0.0
476,2349815.46875,2350200.6875,385.2411689758301,16570883.5,16570883.5,0.0
477,2152354.0625,2152747.953125,393.8933982849121,16487043.0,16487043.0,0.0
478,2451549.5625,2452015.21875,465.6891403198242,16469585.0,16469585.0,0.0
479,3081947.546875,3082379.15625,431.6127281188965,16532419.5,16532419.5,0.0
480,3431621.15625,3431897.03125,275.8120307922363,16469281.5,16469281.5,0.0
481,2315645.421875,2316048.171875,402.73352432250977,16455997.0,16455997.0,0.0
482,4575753.5,4576152.359375,398.9297103881836,16430958.5,16430958.5,0.0
483,2201685.421875,2202042.65625,357.2386245727539,16497199.0,16497199.0,0.0
484,3207062.953125,3207368.109375,305.11770248413086,16380239.0,16380239.0,0.0
485,2249807.34375,2250231.5,424.1252250671387,16399403.0,16399403.0,0.0
486,3266855.078125,3267192.25,337.2119941711426,16453079.0,16453079.0,0.0
487,2534145.53125,2534569.0,423.4367790222168,16442267.0,16442267.0,0.0
488,3056612.3125,3056946.0625,333.7723274230957,16492487.5,16492487.5,0.0
489,3071009.484375,3071441.359375,431.8722724914551,16539703.0,16539703.0,0.0
490,3036169.234375,3036535.0,365.76773834228516,16441726.5,16441726.5,0.0
491,2250358.3125,2250721.109375,362.7865333557129,16506814.5,16506814.5,0.0
492,2558070.0625,2558494.90625,424.8312797546387,16417350.5,16417350.5,0.0
493,3383053.9375,3383527.1875,473.33485412597656,16431898.5,16431898.5,0.0
494,2317368.671875,2317748.75,380.07434844970703,16401332.0,16401332.0,0.0
495,2237083.984375,2237522.4375,438.47953033447266,16421946.5,16421946.5,0.0
496,3051900.640625,3052283.125,382.4641456604004,16438201.5,16438201.5,0.0
497,3303334.796875,3303620.875,286.0693130493164,16454810.0,16454810.0,0.0
498,3095738.15625,3096084.21875,346.0815124511719,16535747.5,16535747.5,0.0
499,2188717.21875,2189098.0,380.77891540527344,16400282.0,16400282.0,0.0
500,2377436.8125,2377865.796875,428.9995002746582,16484895.5,16484895.5,0.0
501,4609586.859375,4609982.765625,395.93489837646484,16508771.5,16508771.5,0.0
502,3799868.34375,3800223.546875,355.19943618774414,16593514.0,16593514.0,0.0
503,3159138.796875,3159426.265625,287.4660987854004,16523009.5,16523009.5,0.0
504,2677812.5,2678209.703125,397.22425842285156,16528335.0,16528335.0,0.0
505,3859190.453125,3859570.90625,380.4641456604004,16494611.5,16494611.5,0.0
506,3163324.015625,3163639.78125,315.74968338012695,16437104.5,16437104.5,0.0
507,3884053.421875,3884435.0,381.5951499938965,16443575.0,16443575.0,0.0
508,2461928.625,2462233.640625,305.0007514953613,16524603.0,16524603.0,0.0
509,2930708.46875,2931088.953125,380.5032958984375,16474029.5,16474029.5,0.0
510,3308364.84375,3308746.9375,382.0415496826172,16477055.5,16477055.5,0.0
511,2957830.484375,2958255.90625,425.4375,16531098.5,16531098.5,0.0
512,3172309.90625,3172701.109375,391.16193771362305,16518905.0,16518905.0,0.0
513,2299816.296875,2300216.171875,399.8628387451172,16464725.5,16464725.5,0.0
514,3804003.84375,3804449.234375,445.434326171875,16487976.0,16487976.0,0.0
515,3227797.84375,3228258.6875,460.8288154602051,16649018.5,16649018.5,0.0
516,3026556.421875,3026847.953125,291.55208587646484,16516949.0,16516949.0,0.0
517,2663044.375,2663468.625,424.2253608703613,16587665.5,16587665.5,0.0
518,2149294.8125,2149678.84375,384.050106048584,16565720.0,16565720.0,0.0
519,2185184.234375,2185656.28125,472.06754302978516,16509828.0,16509828.0,0.0
520,2274714.390625,2275022.90625,308.51567459106445,16481607.0,16481607.0,0.0
521,3039177.78125,3039611.453125,433.6359634399414,16555769.5,16555769.5,0.0
522,2756710.40625,2757097.296875,386.89844512939453,16551596.5,16551596.5,0.0
523,3048106.1875,3048508.125,401.9386672973633,16527653.0,16527653.0,0.0
524,2444721.453125,2445072.609375,351.15807342529297,16461793.0,16461793.0,0.0
525,3589196.125,3589551.515625,355.35728454589844,16478597.5,16478597.5,0.0
526,2427002.6875,2427389.84375,387.1063537597656,16602249.0,16602249.0,0.0
527,2948387.03125,2948747.375,360.35394287109375,16491093.5,16491093.5,0.0
528,3785266.671875,3785531.640625,264.93768310546875,16509557.5,16509557.5,0.0
529,3804222.765625,3804647.3125,424.4825439453125,16526669.0,16526669.0,0.0
530,2194185.765625,2194624.21875,438.4389419555664,16468957.5,16468957.5,0.0
531,2581256.875,2581595.09375,338.21923828125,16434506.0,16434506.0,0.0
532,3057383.890625,3057807.015625,423.12829971313477,16474504.5,16474504.5,0.0
533,2885107.859375,2885414.3125,306.45881271362305,16418304.5,16418304.5,0.0
534,3152853.375,3153290.015625,436.6085891723633,16389414.0,16389414.0,0.0
535,3715336.203125,3715721.3125,385.1611633300781,16530228.5,16530228.5,0.0
536,3799865.40625,3800262.8125,397.44047927856445,16506244.5,16506244.5,0.0
537,2240744.984375,2241052.953125,307.99338150024414,16489675.0,16489675.0,0.0
538,2998111.609375,2998475.546875,363.9049606323242,16556267.0,16556267.0,0.0
539,2477390.8125,2477765.375,374.580623626709,16518162.0,16518162.0,0.0
540,2058888.5625,2059313.609375,425.03916931152344,16523995.5,16523995.5,0.0
541,4383295.25,4383683.375,388.1050109863281,16646420.0,16646420.0,0.0
542,3718999.140625,3719242.796875,243.69133758544922,16568173.5,16568173.5,0.0
543,2845835.28125,2846230.484375,395.2325973510742,16586990.5,16586990.5,0.0
544,2254694.796875,2255067.515625,372.7182846069336,16635649.5,16635649.5,0.0
545,3111943.203125,3112286.875,343.6750831604004,16741431.5,16741431.5,0.0
546,2414317.71875,2414691.90625,374.1857261657715,16645696.0,16645696.0,0.0
547,2077109.15625,2077498.390625,389.24476623535156,16657696.5,16657696.5,0.0
548,3061359.484375,3061819.40625,459.8838539123535,16512147.5,16512147.5,0.0
549,3092736.03125,3093074.25,338.26612091064453,16598646.5,16598646.5,0.0
550,4862117.296875,4862552.0,434.7460708618164,16579140.0,16579140.0,0.0
551,3409519.75,3409938.84375,419.0937843322754,16553026.0,16553026.0,0.0
552,2178699.359375,2179159.859375,460.5121726989746,16531082.0,16531082.0,0.0
553,2491919.375,2492341.765625,422.38103103637695,16474664.5,16474664.5,0.0
554,3099750.90625,3100176.4375,425.52698135375977,16497123.5,16497123.5,0.0
555,2849627.484375,2850089.171875,461.7111701965332,16497528.0,16497528.0,0.0
556,2511560.40625,2511908.546875,348.11955642700195,16449017.0,16449017.0,0.0
557,2891350.96875,2891731.78125,380.8260154724121,16499483.5,16499483.5,0.0
558,3122913.28125,3123296.421875,383.18725204467773,16510403.0,16510403.0,0.0
559,2262746.28125,2263212.0,465.72193908691406,16487932.0,16487932.0,0.0
560,4465438.953125,4465831.53125,392.6410903930664,16503250.0,16503250.0,0.0
561,2773154.609375,2773537.328125,382.74013900756836,16487739.0,16487739.0,0.0
562,2889857.90625,2890261.90625,403.9828872680664,16446382.0,16446382.0,0.0
563,3866252.5,3866677.546875,424.9955253601074,16408877.5,16408877.5,0.0
564,3566572.09375,3566998.359375,426.24502182006836,16539821.0,16539821.0,0.0
565,4320243.4375,4320666.890625,423.51061630249023,16380215.5,16380215.5,0.0
566,2923024.640625,2923451.5,426.81145095825195,16480018.0,16480018.0,0.0
567,3122318.765625,3122754.96875,436.2175407409668,16587931.0,16587931.0,0.0
568,2347381.40625,2347803.578125,422.1633605957031,16503890.5,16503890.5,0.0
569,2896556.25,2896947.859375,391.60543060302734,16450936.0,16450936.0,0.0
570,2298613.71875,2299014.375,400.6505012512207,16452949.0,16452949.0,0.0
571,3052994.828125,3053456.171875,461.39986419677734,16480637.5,16480637.5,0.0
572,2335905.375,2336329.484375,424.126277923584,16544849.0,16544849.0,0.0
573,2642449.65625,2642811.046875,361.38098907470703,16459546.0,16459546.0,0.0
574,4565406.78125,4565862.28125,455.46398544311523,16499794.5,16499794.5,0.0
575,2657293.875,2657758.53125,464.6250419616699,16554344.5,16554344.5,0.0
576,2346821.640625,2347227.609375,405.9554214477539,16606696.0,16606696.0,0.0
577,2447212.46875,2447678.140625,465.70688247680664,16575379.0,16575379.0,0.0
578,3052271.984375,3052725.171875,453.2139205932617,16582216.5,16582216.5,0.0
579,3310225.921875,3310651.59375,425.65223693847656,16560499.0,16560499.0,0.0
580,3705172.03125,3705555.8125,383.7812309265137,16620187.5,16620187.5,0.0
581,2238159.046875,2238605.890625,446.8235778808594,16668465.5,16668465.5,0.0
582,2165724.109375,2166165.984375,441.87486267089844,16509471.0,16509471.0,0.0
583,4341181.84375,4341499.703125,317.9120101928711,16542216.0,16542216.0,0.0
584,2636702.21875,2637095.796875,393.5579299926758,16533330.0,16533330.0,0.0
585,2076386.734375,2076691.1875,304.4401969909668,16462143.0,16462143.0,0.0
586,2336600.109375,2336970.65625,370.54098892211914,16478843.0,16478843.0,0.0
587,3098502.828125,3098925.109375,422.3151092529297,16507627.0,16507627.0,0.0
588,3066395.34375,3066779.8125,384.4490661621094,16502909.5,16502909.5,0.0
589,2949333.796875,2949783.390625,449.6014175415039,16504321.0,16504321.0,0.0
590,3119493.203125,3119888.390625,395.1506118774414,16541003.0,16541003.0,0.0
591,2257530.4375,2257956.765625,426.3473205566406,16542401.0,16542401.0,0.0
592,2830390.03125,2830705.09375,315.05816650390625,16510214.5,16510214.5,0.0
593,2811980.375,2812457.390625,477.0308609008789,16592001.5,16592001.5,0.0
594,2332521.546875,2332938.703125,417.17000579833984,16468495.5,16468495.5,0.0
595,2435798.453125,2436232.5,434.06158447265625,16545311.5,16545311.5,0.0
596,2943800.25,2944192.21875,392.0251998901367,16607483.0,16607483.0,0.0
597,2306691.671875,2307038.953125,347.28225326538086,16597193.0,16597193.0,0.0
598,5322197.46875,5322482.640625,285.2110595703125,16576051.5,16576051.5,0.0
599,3047884.125,3048243.421875,359.3459053039551,16684189.5,16684189.5,0.0
600,2152986.203125,2153405.09375,418.8810577392578,16586013.0,16586013.0,0.0
601,3135731.65625,3136082.59375,350.96579360961914,16636917.5,16636917.5,0.0
602,2347658.609375,2348129.71875,471.089656829834,16565928.0,16565928.0,0.0
603,3010503.515625,3010944.15625,440.6046714782715,16606222.5,16606222.5,0.0
604,3215293.28125,3215730.65625,437.38757705688477,16600591.5,16600591.5,0.0
605,3944393.9375,3944700.6875,306.74081802368164,16587228.0,16587228.0,0.0
606,2421928.296875,2422359.921875,431.68078994750977,16618850.0,16618850.0,0.0
607,3201045.9375,3201383.9375,337.97643280029297,16527086.0,16527086.0,0.0
608,2242315.359375,2242671.28125,355.9290542602539,16569202.0,16569202.0,0.0
609,2490659.515625,2491032.671875,373.1434631347656,16578943.0,16578943.0,0.0
610,2366966.046875,2367370.5625,404.5191116333008,16546069.0,16546069.0,0.0
611,2225600.453125,2226016.015625,415.5782241821289,16488630.0,16488630.0,0.0
612,2125180.515625,2125487.640625,307.125431060791,16577419.0,16577419.0,0.0
613,2929775.5,2930131.3125,355.8055534362793,16615180.0,16615180.0,0.0
614,3783446.796875,3783791.578125,344.7748146057129,16577694.5,16577694.5,0.0
615,2255951.4375,2256379.0625,427.646541595459,16546341.5,16546341.5,0.0
616,2859584.140625,2860043.9375,459.7699279785156,16527862.5,16527862.5,0.0
617,2520644.453125,2520972.171875,327.75556564331055,16525330.0,16525330.0,0.0
618,2180179.34375,2180521.015625,341.67749786376953,16535233.0,16535233.0,0.0
619,3653062.5625,3653463.796875,401.298526763916,16535688.5,16535688.5,0.0
620,2861574.75,2862003.3125,428.5824279785156,16534060.0,16534060.0,0.0
621,2232657.296875,2233116.78125,459.46902084350586,16471961.0,16471961.0,0.0
622,3006717.6875,3007141.296875,423.6103858947754,16517634.0,16517634.0,0.0
623,2856603.78125,2857044.203125,440.4374237060547,16529875.0,16529875.0,0.0
624,2321246.390625,2321666.03125,419.64232635498047,16552050.5,16552050.5,0.0
625,2296144.578125,2296583.9375,439.3267135620117,16567196.0,16567196.0,0.0
626,2695432.265625,2695876.078125,443.823486328125,16505767.0,16505767.0,0.0
627,2019276.90625,2019743.3125,466.3951187133789,16534255.0,16534255.0,0.0
628,3220601.46875,3220944.53125,343.0353813171387,16498212.5,16498212.5,0.0
629,4082643.46875,4083060.921875,417.4852600097656,16504480.5,16504480.5,0.0
630,2826172.78125,2826596.1875,423.4081497192383,16603773.5,16603773.5,0.0
631,3030051.546875,3030382.921875,331.3675346374512,16525773.5,16525773.5,0.0
632,3729288.4375,3729673.578125,385.131160736084,16534830.5,16534830.5,0.0
633,3277986.5625,3278416.109375,429.582820892334,16552171.0,16552171.0,0.0
634,3332248.515625,3332690.46875,441.9172592163086,16536133.0,16536133.0,0.0
635,3789789.015625,3790210.734375,421.7044143676758,16633886.0,16633886.0,0.0
636,2125043.6875,2125299.578125,255.8778076171875,16572771.0,16572771.0,0.0
637,2619061.59375,2619481.0625,419.5036392211914,16466957.5,16466957.5,0.0
638,2071659.53125,2072020.625,361.08607482910156,16439574.5,16439574.5,0.0
639,2844958.5625,2845380.234375,421.61404037475586,16588542.5,16588542.5,0.0
640,2104342.953125,2104774.421875,431.457820892334,16622199.0,16622199.0,0.0
641,2064535.390625,2064914.34375,378.9511604309082,16523864.0,16523864.0,0.0
642,2231081.96875,2231515.78125,433.7974662780762,16589512.0,16589512.0,0.0
643,2372422.5625,2372851.15625,428.58164978027344,16608379.0,16608379.0,0.0
644,2077718.484375,2078111.734375,393.271240234375,16475708.5,16475708.5,0.0
645,3633628.265625,3634090.734375,462.4451370239258,16503695.0,16503695.0,0.0
646,2308279.828125,2308726.03125,446.1885070800781,16634584.5,16634584.5,0.0
647,2353864.21875,2354219.0,354.7859802246094,16549485.0,16549485.0,0.0
648,2923666.0,2924088.8125,422.7662582397461,16700533.0,16700533.0,0.0
649,3430259.703125,3430638.296875,378.5650749206543,16501942.5,16501942.5,0.0
650,3220004.96875,3220404.9375,399.95470428466797,16576853.0,16576853.0,0.0
651,2233547.765625,2233979.65625,431.87722396850586,16667754.5,16667754.5,0.0
652,3384923.78125,3385311.515625,387.7087860107422,16552017.5,16552017.5,0.0
653,2263510.09375,2263856.328125,346.2596092224121,16584967.5,16584967.5,0.0
654,3003255.25,3003604.296875,349.0819282531738,16542250.5,16542250.5,0.0
655,2122514.171875,2122993.375,479.23728942871094,16644694.5,16644694.5,0.0
656,3402918.890625,3403302.09375,383.19775009155273,16570679.5,16570679.5,0.0
657,2815952.390625,2816373.75,421.3898506164551,16578205.0,16578205.0,0.0
658,2662385.375,2662813.6875,428.30818939208984,16632802.5,16632802.5,0.0
659,2629925.40625,2630238.34375,312.9326591491699,16543404.0,16543404.0,0.0
660,3165521.078125,3165950.15625,429.1220932006836,16680422.0,16680422.0,0.0
661,2146202.578125,2146573.1875,370.61922454833984,16603563.5,16603563.5,0.0
662,2188562.484375,2188931.0625,368.569149017334,16544485.5,16544485.5,0.0
663,2087555.40625,2087889.609375,334.2160949707031,16571849.5,16571849.5,0.0
664,2248664.640625,2249018.421875,353.7752571105957,16518429.0,16518429.0,0.0
665,2035658.75,2036067.890625,409.14106369018555,16591412.5,16591412.5,0.0
666,2552189.75,2552598.515625,408.80028533935547,16456125.5,16456125.5,0.0
667,2551812.78125,2552190.90625,378.1569938659668,16686396.5,16686396.5,0.0
668,3000868.25,3001218.4375,350.16114807128906,16592345.5,16592345.5,0.0
669,3347782.015625,3348223.375,441.3502006530762,16594411.0,16594411.0,0.0
670,2917727.359375,2918144.40625,417.0593795776367,16581570.5,16581570.5,0.0
671,2764710.921875,2765173.3125,462.4187889099121,16582806.5,16582806.5,0.0
672,1837267.40625,1837707.375,439.9840507507324,16600875.5,16600875.5,0.0
673,2386810.703125,2387207.265625,396.57225036621094,16545981.0,16545981.0,0.0
674,2866353.421875,2866805.71875,452.3309631347656,16608282.0,16608282.0,0.0
675,2866594.84375,2866928.265625,333.3964424133301,16548627.5,16548627.5,0.0
676,2173129.21875,2173383.578125,254.37948989868164,16597603.0,16597603.0,0.0
677,3098120.5,3098539.265625,418.7655372619629,16618274.0,16618274.0,0.0
678,3772283.921875,3772702.75,418.8028869628906,16579596.5,16579596.5,0.0
679,3673013.15625,3673391.40625,378.2177429199219,16637652.5,16637652.5,0.0
680,3648978.859375,3649409.984375,431.0851173400879,16648153.5,16648153.5,0.0
681,2505849.765625,2506272.0,422.240291595459,16611126.5,16611126.5,0.0
682,2120900.28125,2121237.53125,337.24964904785156,16609462.5,16609462.5,0.0
683,2378412.53125,2378780.53125,368.0058135986328,16528893.0,16528893.0,0.0
684,3905118.5625,3905534.8125,416.2701873779297,16500172.0,16500172.0,0.0
685,3603306.0,3603758.375,452.36161041259766,16601568.5,16601568.5,0.0
686,2376855.984375,2377238.578125,382.6117858886719,16609297.0,16609297.0,0.0
687,2816042.859375,2816424.40625,381.57526779174805,16591737.0,16591737.0,0.0
688,3195545.9375,3195977.0625,431.14570236206055,16581150.5,16581150.5,0.0
689,2205358.625,2205782.9375,424.29022216796875,16573010.5,16573010.5,0.0
690,3221691.34375,3222074.328125,382.92044830322266,16619386.0,16619386.0,0.0
691,3345693.890625,3346112.296875,418.36960220336914,16545428.0,16545428.0,0.0
692,2616886.71875,2617314.234375,427.5287551879883,16525505.5,16525505.5,0.0
693,3186269.25,3186709.671875,440.4327049255371,16611554.5,16611554.5,0.0
694,3651137.828125,3651529.6875,391.8516502380371,16551959.0,16551959.0,0.0
695,2972461.125,2972848.25,387.12864685058594,16617478.0,16617478.0,0.0
696,3186492.046875,3186835.9375,343.8838806152344,16476883.0,16476883.0,0.0
697,3608444.265625,3608836.9375,392.6730270385742,16590737.0,16590737.0,0.0
698,2199405.625,2199829.078125,423.4598579406738,16651461.0,16651461.0,0.0
699,2146581.609375,2146890.21875,308.62477111816406,16681955.5,16681955.5,0.0
700,3023196.25,3023626.5,430.26732635498047,16558789.0,16558789.0,0.0
701,2155941.765625,2156375.0,433.23876571655273,16521284.5,16521284.5,0.0
702,3731235.40625,3731649.75,414.31379318237305,16533556.5,16533556.5,0.0
703,3743808.828125,3744233.84375,425.0120849609375,16576654.0,16576654.0,0.0
704,2816194.921875,2816613.25,418.3350944519043,16635913.5,16635913.5,0.0
705,2942677.9375,2942989.46875,311.5418510437012,16613995.0,16613995.0,0.0
706,2173963.65625,2174271.125,307.43236923217773,16644092.5,16644092.5,0.0
707,2506381.328125,2506822.421875,441.0835762023926,16664997.5,16664997.5,0.0
708,3572986.4375,3573367.015625,380.5807342529297,16590134.5,16590134.5,0.0
709,3083493.40625,3083955.21875,461.8298034667969,16636789.0,16636789.0,0.0
710,2295033.140625,2295472.28125,439.13268661499023,16620637.0,16620637.0,0.0
711,3149716.671875,3150102.84375,386.117000579834,16616440.5,16616440.5,0.0
712,2137104.328125,2137472.1875,367.8792037963867,16523708.0,16523708.0,0.0
713,2550853.625,2551278.265625,424.61131286621094,16648540.5,16648540.5,0.0
714,2486084.515625,2486485.21875,400.72335052490234,16595062.5,16595062.5,0.0
715,2470167.0,2470474.046875,307.0787773132324,16571975.0,16571975.0,0.0
716,2142993.703125,2143328.828125,335.1089744567871,16595709.5,16595709.5,0.0
717,3334508.921875,3334901.765625,392.89142990112305,16528504.5,16528504.5,0.0
718,2981985.375,2982408.046875,422.68072509765625,16612917.5,16612917.5,0.0
719,2902398.5,2902709.0625,310.56567001342773,16621603.0,16621603.0,0.0
720,3009387.234375,3009814.109375,426.91805267333984,16611628.0,16611628.0,0.0
721,3154406.8125,3154876.0625,469.2584037780762,16602731.0,16602731.0,0.0
722,1930718.390625,1931009.21875,290.8092269897461,16645262.0,16645262.0,0.0
723,2225314.875,2225751.6875,436.81178283691406,16634282.5,16634282.5,0.0
724,1954178.578125,1954534.140625,355.551212310791,16672857.5,16672857.5,0.0
725,2500568.671875,2500952.609375,383.90116119384766,16590710.0,16590710.0,0.0
726,3018814.234375,3019295.890625,481.68825912475586,16564328.0,16564328.0,0.0
727,2531370.96875,2531750.578125,379.6184997558594,16517830.5,16517830.5,0.0
728,2666364.5625,2666800.09375,435.511417388916,16515591.5,16515591.5,0.0
729,2847091.703125,2847428.546875,336.83905029296875,16441080.5,16441080.5,0.0
730,2972184.734375,2972618.890625,434.18528747558594,16553483.0,16553483.0,0.0
731,3105665.375,3106056.0625,390.7186088562012,16461897.5,16461897.5,0.0
732,2636826.0625,2637208.734375,382.6436958312988,16529427.0,16529427.0,0.0
733,3164070.28125,3164374.359375,304.0752258300781,16510982.5,16510982.5,0.0
734,2136466.21875,2136816.359375,350.1456527709961,16620236.0,16620236.0,0.0
735,3811066.90625,3811474.75,407.8788604736328,16582151.5,16582151.5,0.0
736,3655849.9375,3656305.9375,456.0435333251953,16579509.5,16579509.5,0.0
737,2176567.4375,2176864.078125,296.63082122802734,16596769.5,16596769.5,0.0
738,3541968.40625,3542352.109375,383.67346954345703,16558090.0,16558090.0,0.0
739,2182933.265625,2183314.609375,381.3836784362793,16487721.0,16487721.0,0.0
740,3152548.59375,3152967.578125,418.93144607543945,16542520.0,16542520.0,0.0
741,2333045.6875,2333386.96875,341.2384490966797,16548452.5,16548452.5,0.0
742,2711992.671875,2712421.40625,428.6687240600586,16517097.5,16517097.5,0.0
743,2772903.015625,2773294.328125,391.3457336425781,16597490.0,16597490.0,0.0
744,2323302.8125,2323737.4375,434.6184768676758,16594469.5,16594469.5,0.0
745,2162453.671875,2162839.484375,385.8138236999512,16557288.0,16557288.0,0.0
746,3422803.296875,3423231.484375,428.1951599121094,16473957.0,16473957.0,0.0
747,2148108.25,2148412.796875,304.5304718017578,16481996.5,16481996.5,0.0
748,2419230.921875,2419651.578125,420.660457611084,16457507.5,16457507.5,0.0
749,3481316.875,3481731.53125,414.68152618408203,16521128.5,16521128.5,0.0
750,2037909.234375,2038295.203125,385.9314613342285,16492832.0,16492832.0,0.0
751,3556019.09375,3556332.453125,313.3127326965332,16531433.5,16531433.5,0.0
752,3039382.46875,3039769.921875,387.46198654174805,16536343.0,16536343.0,0.0
753,2214914.296875,2215321.6875,407.3996162414551,16578955.5,16578955.5,0.0
754,2872119.015625,2872550.59375,431.6272888183594,16502754.5,16502754.5,0.0
755,3789275.578125,3789709.421875,433.85869216918945,16520638.5,16520638.5,0.0
756,4698246.6875,4698605.546875,358.81164169311523,16587613.5,16587613.5,0.0
757,2226219.15625,2226507.96875,288.8347625732422,16563932.0,16563932.0,0.0
758,3674161.53125,3674558.21875,396.7213020324707,16529282.0,16529282.0,0.0
759,2279698.328125,2280169.984375,471.68138122558594,16548448.0,16548448.0,0.0
760,2894716.234375,2895106.1875,389.9888496398926,16518251.5,16518251.5,0.0
761,3622315.9375,3622701.921875,385.9893493652344,16526223.0,16526223.0,0.0
762,2897848.53125,2898316.234375,467.72509002685547,16601509.5,16601509.5,0.0
763,3191203.5625,3191616.140625,412.51202392578125,16540386.5,16540386.5,0.0
764,2728305.875,2728708.625,402.7610626220703,16647397.0,16647397.0,0.0
765,2985128.765625,2985338.734375,209.90615844726562,16515298.5,16515298.5,0.0
766,2967094.40625,2967461.953125,367.5482368469238,16579026.0,16579026.0,0.0
767,3691041.390625,3691473.75,432.42381286621094,16662130.5,16662130.5,0.0
768,2523722.359375,2524192.46875,470.0919609069824,16538403.5,16538403.5,0.0
769,2118206.890625,2118641.5,434.59272384643555,16594828.0,16594828.0,0.0
770,2136369.84375,2136738.1875,368.35171127319336,16538787.0,16538787.0,0.0
771,2317860.6875,2318299.953125,439.27753829956055,16620503.0,16620503.0,0.0
772,2597953.234375,2598303.984375,350.7749671936035,16510476.0,16510476.0,0.0
773,2905828.359375,2906168.796875,340.38764572143555,16544219.0,16544219.0,0.0
774,2177351.375,2177784.484375,433.11853408813477,16515206.0,16515206.0,0.0
775,3504922.796875,3505238.140625,315.35680770874023,16489244.0,16489244.0,0.0
776,2026650.5,2027072.921875,422.41240310668945,16584375.0,16584375.0,0.0
777,2880585.78125,2880965.0625,379.26549911499023,16526679.0,16526679.0,0.0
778,2304100.8125,2304406.515625,305.70447158813477,16640787.5,16640787.5,0.0
779,2957027.96875,2957363.375,335.39096450805664,16612856.0,16612856.0,0.0
780,3848208.8125,3848598.375,389.57446670532227,16521063.5,16521063.5,0.0
781,3015626.90625,3016038.015625,411.0916061401367,16517015.5,16517015.5,0.0
782,3670685.890625,3671119.421875,433.4812927246094,16616900.0,16616900.0,0.0
783,2667915.65625,2668381.71875,466.07823181152344,16549512.0,16549512.0,0.0
784,5122915.53125,5123174.875,259.3631286621094,16599852.5,16599852.5,0.0
785,3591109.0625,3591507.140625,398.0627555847168,16532098.0,16532098.0,0.0
786,2299093.703125,2299381.09375,287.41308212280273,16609383.5,16609383.5,0.0
787,3186435.859375,3186768.34375,332.5069694519043,16615523.5,16615523.5,0.0
788,2862938.9375,2863295.171875,356.26174545288086,16541476.5,16541476.5,0.0
789,2792140.53125,2792525.703125,385.1588706970215,16636786.0,16636786.0,0.0
790,2437272.65625,2437697.59375,424.93669509887695,16615892.0,16615892.0,0.0
791,2310488.34375,2310845.9375,357.6071434020996,16505236.0,16505236.0,0.0
792,3002025.484375,3002446.671875,421.16224670410156,16581808.5,16581808.5,0.0
793,1940684.890625,1941119.59375,434.7270202636719,16669335.0,16669335.0,0.0
794,2370008.96875,2370432.65625,423.71949768066406,16599204.0,16599204.0,0.0
795,2923312.5625,2923520.78125,208.2269515991211,16566019.0,16566019.0,0.0
796,2868738.328125,2869173.796875,435.5022087097168,16579686.5,16579686.5,0.0
797,2297657.921875,2298040.015625,382.0925712585449,16583748.5,16583748.5,0.0
798,3991631.515625,3991976.4375,344.98376083374023,16655490.0,16655490.0,0.0
799,2607344.671875,2607736.15625,391.4514694213867,16536744.5,16536744.5,0.0
800,2217195.09375,2217664.703125,469.61090087890625,16607020.5,16607020.5,0.0
801,3474194.8125,3474663.21875,468.3737144470215,16588074.0,16588074.0,0.0
802,2184649.515625,2184953.15625,303.6195831298828,16601398.5,16601398.5,0.0
803,3627727.28125,3628191.171875,463.85184478759766,16560926.5,16560926.5,0.0
804,2411426.84375,2411842.625,415.7477569580078,16563589.0,16563589.0,0.0
805,2896723.90625,2897183.25,459.34317779541016,16596259.5,16596259.5,0.0
806,3490939.21875,3491356.5,417.2902488708496,16625217.0,16625217.0,0.0
807,2109806.34375,2110243.765625,437.3867416381836,16595361.5,16595361.5,0.0
808,2871661.25,2872112.265625,451.00999450683594,16566516.5,16566516.5,0.0
809,2263392.8125,2263818.828125,426.0404624938965,16639989.0,16639989.0,0.0
810,2998193.90625,2998525.875,332.00618743896484,16516964.0,16516964.0,0.0
811,2729619.65625,2730015.484375,395.83109283447266,16599910.5,16599910.5,0.0
812,3408617.015625,3409085.578125,468.6408920288086,16580494.0,16580494.0,0.0
813,3049003.78125,3049291.796875,287.9972038269043,16588332.5,16588332.5,0.0
814,2928171.59375,2928594.890625,423.3183937072754,16545069.5,16545069.5,0.0
815,2995722.078125,2995981.203125,259.0983581542969,16613561.0,16613561.0,0.0
816,2346295.703125,2346650.734375,355.0401306152344,16539840.5,16539840.5,0.0
817,3270482.78125,3270756.578125,273.80773544311523,16668321.5,16668321.5,0.0
818,2297946.5,2298213.3125,266.8088912963867,16602099.5,16602099.5,0.0
819,2208152.9375,2208608.71875,455.771915435791,16553508.5,16553508.5,0.0
820,2396447.75,2396914.828125,467.08445739746094,16630211.0,16630211.0,0.0
821,3526100.1875,3526570.46875,470.2496795654297,16583982.0,16583982.0,0.0
822,2183034.390625,2183486.46875,452.06958770751953,16577032.0,16577032.0,0.0
823,2952937.65625,2953389.296875,451.63264083862305,16583572.5,16583572.5,0.0
824,2717923.6875,2718280.703125,357.0433578491211,16582397.0,16582397.0,0.0
825,2938101.0,2938408.359375,307.341552734375,16580848.5,16580848.5,0.0
826,2834340.03125,2834799.703125,459.63902282714844,16596749.5,16596749.5,0.0
827,3726879.40625,3727271.609375,392.1622848510742,16582051.5,16582051.5,0.0
828,2330829.046875,2331251.90625,422.8658905029297,16629464.0,16629464.0,0.0
829,2131101.875,2131479.40625,377.5680122375488,16600962.0,16600962.0,0.0
830,2758133.375,2758462.78125,329.3972358703613,16588790.5,16588790.5,0.0
831,2301059.5,2301323.078125,263.60385513305664,16583736.5,16583736.5,0.0
832,2755568.359375,2755964.65625,396.3025588989258,16639704.5,16639704.5,0.0
833,4041122.828125,4041578.40625,455.65645599365234,16680066.0,16680066.0,0.0
834,2024948.84375,2025329.921875,381.07875061035156,16626929.0,16626929.0,0.0
835,2004070.046875,2004510.78125,440.7458915710449,16577427.5,16577427.5,0.0
836,2328086.15625,2328492.734375,406.54039764404297,16582628.5,16582628.5,0.0
837,3647274.15625,3647633.5,359.3535041809082,16640706.0,16640706.0,0.0
838,1883018.0625,1883404.421875,386.36136627197266,16527223.5,16527223.5,0.0
839,2168736.484375,2169083.078125,346.5799674987793,16578689.5,16578689.5,0.0
840,2332139.84375,2332570.09375,430.2404899597168,16663608.0,16663608.0,0.0
841,2981489.609375,2981807.359375,317.77196884155273,16557123.0,16557123.0,0.0
842,2082564.703125,2082981.0625,416.351375579834,16550877.5,16550877.5,0.0
843,2357739.9375,2358200.484375,460.5572280883789,16595981.0,16595981.0,0.0
844,2974065.875,2974374.296875,308.47078704833984,16568925.0,16568925.0,0.0
845,2833609.375,2834043.3125,433.8988265991211,16644996.0,16644996.0,0.0
846,2416849.375,2417310.6875,461.2554016113281,16658409.5,16658409.5,0.0
847,1985615.34375,1985991.234375,375.89401626586914,16686022.0,16686022.0,0.0
848,2228554.5,2228919.921875,365.40566635131836,16685728.5,16685728.5,0.0
849,2948112.15625,2948498.21875,386.09325408935547,16653392.0,16653392.0,0.0
850,2897405.5,2897782.0,376.4804153442383,16614759.0,16614759.0,0.0
851,3388126.09375,3388587.40625,461.3006057739258,16673106.0,16673106.0,0.0
852,2972066.046875,2972514.6875,448.65300369262695,16624581.5,16624581.5,0.0
853,3457308.25,3457657.375,349.1421890258789,16614966.0,16614966.0,0.0
854,3232784.125,3233100.15625,316.01062393188477,16679041.0,16679041.0,0.0
855,2083921.40625,2084276.546875,355.1386489868164,16568315.5,16568315.5,0.0
856,2392167.21875,2392579.109375,411.85669708251953,16653572.5,16653572.5,0.0
857,3602349.140625,3602659.671875,310.53772354125977,16610622.5,16610622.5,0.0
858,2178557.9375,2178855.03125,297.09423065185547,16679630.5,16679630.5,0.0
859,4589970.84375,4590180.5625,209.71635818481445,16631557.5,16631557.5,0.0
860,2276015.90625,2276356.25,340.336727142334,16670714.0,16670714.0,0.0
861,3068233.5,3068625.375,391.81683349609375,16683492.0,16683492.0,0.0
862,2336754.765625,2337207.8125,453.0662612915039,16596341.5,16596341.5,0.0
863,3079420.203125,3079815.75,395.5377616882324,16641666.0,16641666.0,0.0
864,2980680.484375,2981068.65625,388.17858505249023,16621002.5,16621002.5,0.0
865,3688560.84375,3689003.65625,442.7990379333496,16655972.5,16655972.5,0.0
866,2290492.84375,2290889.109375,396.2798271179199,16602316.5,16602316.5,0.0
867,3441888.1875,3442302.84375,414.6777572631836,16627533.0,16627533.0,0.0
868,2376702.375,2377122.875,420.5195426940918,16613381.5,16613381.5,0.0
869,2791809.1875,2792263.484375,454.2765769958496,16640650.0,16640650.0,0.0
870,2075893.1875,2076283.53125,390.35983657836914,16622697.0,16622697.0,0.0
871,2027063.328125,2027517.21875,453.8792304992676,16592326.0,16592326.0,0.0
872,2296183.03125,2296655.46875,472.4583435058594,16633303.0,16633303.0,0.0
873,4615506.890625,4615926.828125,419.98690032958984,16650050.0,16650050.0,0.0
874,2948633.796875,2949086.890625,453.06851959228516,16639215.5,16639215.5,0.0
875,2225994.765625,2226342.734375,347.9635543823242,16606452.0,16606452.0,0.0
876,2114093.84375,2114394.0625,300.2145347595215,16640431.5,16640431.5,0.0
877,2549658.734375,2550011.4375,352.6678581237793,16584832.0,16584832.0,0.0
878,3667169.953125,3667550.953125,381.0068244934082,16675465.5,16675465.5,0.0
879,2183444.6875,2183826.484375,381.7850456237793,16583601.5,16583601.5,0.0
880,2350725.75,2351119.609375,393.8667526245117,16591340.0,16591340.0,0.0
881,2696435.421875,2696699.203125,263.80213165283203,16601330.5,16601330.5,0.0
882,2168022.96875,2168332.625,309.6360969543457,16620117.0,16620117.0,0.0
883,3021520.203125,3021960.78125,440.5162544250488,16670376.0,16670376.0,0.0
884,2946398.046875,2946792.421875,394.3645248413086,16605883.5,16605883.5,0.0
885,3478958.765625,3479410.15625,451.4748725891113,16572532.0,16572532.0,0.0
886,2305525.15625,2305974.15625,448.9719696044922,16728669.5,16728669.5,0.0
887,2255261.234375,2255623.046875,361.79517364501953,16707209.0,16707209.0,0.0
888,3609875.015625,3610274.75,399.7521438598633,16694481.0,16694481.0,0.0
889,4325285.84375,4325669.625,383.7183723449707,16733392.0,16733392.0,0.0
890,3333420.09375,3333805.390625,385.30645751953125,16638700.0,16638700.0,0.0
891,2866378.40625,2866825.953125,447.5511779785156,16559932.5,16559932.5,0.0
892,2201965.28125,2202430.578125,465.2794876098633,16727852.5,16727852.5,0.0
893,2337732.90625,2337945.546875,212.64076614379883,16697172.0,16697172.0,0.0
894,3122757.640625,3123110.6875,353.02649307250977,16642411.0,16642411.0,0.0
895,2916112.078125,2916542.28125,430.1852111816406,16719606.5,16719606.5,0.0
896,3108633.453125,3109015.828125,382.3393669128418,16747341.0,16747341.0,0.0
897,2965536.8125,2965852.09375,315.28770446777344,16726975.0,16726975.0,0.0
898,3057744.515625,3058118.84375,374.3199234008789,16653278.0,16653278.0,0.0
899,2951971.25,2952310.234375,338.9948387145996,16590500.0,16590500.0,0.0
